INFO  [2020-03-26 04:18:58,926] main                 pid 5294@localhost.localdomain
DEBUG [2020-03-26 04:18:58,927] main                 Using property file /usr/multiverse/bin/multiverse.properties
DEBUG [2020-03-26 04:18:58,927] main                 Properties are:
DEBUG [2020-03-26 04:18:58,927] main                     java.vendor = Oracle Corporation
DEBUG [2020-03-26 04:18:58,927] main                     multiverse.voiceport = 5051
DEBUG [2020-03-26 04:18:58,928] main                     log4j.appender.FILE = org.apache.log4j.RollingFileAppender
DEBUG [2020-03-26 04:18:58,928] main                     sun.java.launcher = SUN_STANDARD
DEBUG [2020-03-26 04:18:58,928] main                     sun.management.compiler = HotSpot 64-Bit Tiered Compilers
DEBUG [2020-03-26 04:18:58,928] main                     multiverse.proxyport = 5050
DEBUG [2020-03-26 04:18:58,928] main                     os.name = Linux
DEBUG [2020-03-26 04:18:58,928] main                     multiverse.db_password = multiverse
DEBUG [2020-03-26 04:18:58,928] main                     sun.boot.class.path = /usr/lib/jvm/java-1.8.0-openjdk-1.8.0.242.b08-0.el7_7.x86_64/jre/lib/resources.jar:/usr/lib/jvm/java-1.8.0-openjdk-1.8.0.242.b08-0.el7_7.x86_64/jre/lib/rt.jar:/usr/lib/jvm/java-1.8.0-openjdk-1.8.0.242.b08-0.el7_7.x86_64/jre/lib/sunrsasign.jar:/usr/lib/jvm/java-1.8.0-openjdk-1.8.0.242.b08-0.el7_7.x86_64/jre/lib/jsse.jar:/usr/lib/jvm/java-1.8.0-openjdk-1.8.0.242.b08-0.el7_7.x86_64/jre/lib/jce.jar:/usr/lib/jvm/java-1.8.0-openjdk-1.8.0.242.b08-0.el7_7.x86_64/jre/lib/charsets.jar:/usr/lib/jvm/java-1.8.0-openjdk-1.8.0.242.b08-0.el7_7.x86_64/jre/lib/jfr.jar:/usr/lib/jvm/java-1.8.0-openjdk-1.8.0.242.b08-0.el7_7.x86_64/jre/classes
DEBUG [2020-03-26 04:18:58,928] main                     multiverse.plugin_dep.sampleworld.MobManager = ObjectManager,WorldManager,Inventory,Quest,Combat
DEBUG [2020-03-26 04:18:58,928] main                     sun.desktop = gnome
DEBUG [2020-03-26 04:18:58,928] main                     multiverse.delete_logs_on_startup = true
DEBUG [2020-03-26 04:18:58,928] main                     java.vm.specification.vendor = Oracle Corporation
DEBUG [2020-03-26 04:18:58,928] main                     java.runtime.version = 1.8.0_242-b08
DEBUG [2020-03-26 04:18:58,928] main                     user.name = dmckay
DEBUG [2020-03-26 04:18:58,931] main                     user.language = en
DEBUG [2020-03-26 04:18:58,931] main                     sun.boot.library.path = /usr/lib/jvm/java-1.8.0-openjdk-1.8.0.242.b08-0.el7_7.x86_64/jre/lib/amd64
DEBUG [2020-03-26 04:18:58,931] main                     multiverse.quad_tree_max_depth = 20
DEBUG [2020-03-26 04:18:58,931] main                     multiverse.world_available_message = DONE INITIALIZING, you can log in now
DEBUG [2020-03-26 04:18:58,931] main                     multiverse.plugin_dep.MobManager = ObjectManager,WorldManager,Inventory,Quest
DEBUG [2020-03-26 04:18:58,931] main                     java.version = 1.8.0_242
DEBUG [2020-03-26 04:18:58,931] main                     log4j.rootLogger = DEBUG, FILE
DEBUG [2020-03-26 04:18:58,931] main                     user.timezone = America/Chicago
DEBUG [2020-03-26 04:18:58,931] main                     multiverse.plugin_dep.Proxy = Instance,Voice
DEBUG [2020-03-26 04:18:58,931] main                     sun.arch.data.model = 64
DEBUG [2020-03-26 04:18:58,931] main                     java.endorsed.dirs = /usr/lib/jvm/java-1.8.0-openjdk-1.8.0.242.b08-0.el7_7.x86_64/jre/lib/endorsed
DEBUG [2020-03-26 04:18:58,931] main                     multiverse.voiceserver = localhost
DEBUG [2020-03-26 04:18:58,931] main                     sun.cpu.isalist = 
DEBUG [2020-03-26 04:18:58,931] main                     sun.jnu.encoding = UTF-8
DEBUG [2020-03-26 04:18:58,932] main                     file.encoding.pkg = sun.io
DEBUG [2020-03-26 04:18:58,932] main                     multiverse.startup_timeout = 120
DEBUG [2020-03-26 04:18:58,932] main                     multiverse.plugin_dep.Quest = 
DEBUG [2020-03-26 04:18:58,932] main                     file.separator = /
DEBUG [2020-03-26 04:18:58,932] main                     java.specification.name = Java Platform API Specification
DEBUG [2020-03-26 04:18:58,932] main                     java.class.version = 52.0
DEBUG [2020-03-26 04:18:58,932] main                     log4j.appender.FILE.layout = org.apache.log4j.PatternLayout
DEBUG [2020-03-26 04:18:58,932] main                     user.country = US
DEBUG [2020-03-26 04:18:58,932] main                     multiverse.plugin_dep.Inventory = 
DEBUG [2020-03-26 04:18:58,932] main                     java.home = /usr/lib/jvm/java-1.8.0-openjdk-1.8.0.242.b08-0.el7_7.x86_64/jre
DEBUG [2020-03-26 04:18:58,932] main                     multiverse.msgsvr_port = 20374
DEBUG [2020-03-26 04:18:58,932] main                     java.vm.info = mixed mode
DEBUG [2020-03-26 04:18:58,932] main                     multiverse.jdbcJarPath = /usr/share/java/mysql-connector-java.jar
DEBUG [2020-03-26 04:18:58,932] main                     multiverse.plugin_dep.Instance = ObjectManager,Quest,MobManager,Inventory,WorldManager
DEBUG [2020-03-26 04:18:58,932] main                     os.version = 3.10.0-1062.18.1.el7.x86_64
DEBUG [2020-03-26 04:18:58,933] main                     multiverse.logs = /usr/multiverse/logs/mv_fantasy
DEBUG [2020-03-26 04:18:58,933] main                     multiverse.plugin_dep.ObjectManager = 
DEBUG [2020-03-26 04:18:58,933] main                     multiverse.log_level = 1
DEBUG [2020-03-26 04:18:58,933] main                     multiverse.packet_aggregation_interval = 0
DEBUG [2020-03-26 04:18:58,933] main                     path.separator = :
DEBUG [2020-03-26 04:18:58,933] main                     multiverse.plugin_dep.Trainer = 
DEBUG [2020-03-26 04:18:58,933] main                     java.vm.version = 25.242-b08
DEBUG [2020-03-26 04:18:58,933] main                     multiverse.quad_tree_node_max_objects = 30
DEBUG [2020-03-26 04:18:58,933] main                     multiverse.mvwfile = /usr/multiverse/config/sampleworld/mv_fantasy.mvw
DEBUG [2020-03-26 04:18:58,933] main                     java.awt.printerjob = sun.print.PSPrinterJob
DEBUG [2020-03-26 04:18:58,933] main                     multiverse.log_rdp_counters = false
DEBUG [2020-03-26 04:18:58,933] main                     sun.io.unicode.encoding = UnicodeLittle
DEBUG [2020-03-26 04:18:58,933] main                     log4j.appender.FILE.File = ${multiverse.logs}/${multiverse.loggername}.out
DEBUG [2020-03-26 04:18:58,933] main                     multiverse.precreated_positional_voice_group = 1
DEBUG [2020-03-26 04:18:58,933] main                     awt.toolkit = sun.awt.X11.XToolkit
DEBUG [2020-03-26 04:18:58,933] main                     user.home = /home/dmckay
DEBUG [2020-03-26 04:18:58,933] main                     java.specification.vendor = Oracle Corporation
DEBUG [2020-03-26 04:18:58,933] main                     multiverse.proxyserver = localhost
DEBUG [2020-03-26 04:18:58,933] main                     multiverse.plugin_dep.WorldManager = 
DEBUG [2020-03-26 04:18:58,933] main                     multiverse.worldmgrport = 5040
DEBUG [2020-03-26 04:18:58,933] main                     java.library.path = /usr/java/packages/lib/amd64:/usr/lib64:/lib64:/lib:/usr/lib
DEBUG [2020-03-26 04:18:58,933] main                     java.vendor.url = http://java.oracle.com/
DEBUG [2020-03-26 04:18:58,934] main                     multiverse.loggername = domain
DEBUG [2020-03-26 04:18:58,934] main                     multiverse.log_proxy_histograms = true
DEBUG [2020-03-26 04:18:58,934] main                     java.vm.vendor = Oracle Corporation
DEBUG [2020-03-26 04:18:58,934] main                     multiverse.db_user = multiverse
DEBUG [2020-03-26 04:18:58,934] main                     java.runtime.name = OpenJDK Runtime Environment
DEBUG [2020-03-26 04:18:58,934] main                     sun.java.command = multiverse.msgsys.DomainServer -Pmultiverse.worldname= -t /usr/multiverse/config/common/typenumbers.txt -a combat -a wmgr_1 -a mobserver -a objmgr -a login_manager -a proxy_1 -a instance -a voiceserver -p Login,1 -p Proxy,1 -p ObjectManager,1 -p WorldManager,1 -p Inventory,1 -p MobManager,1 -p Quest,1 -p Instance,1 -p Voice,1 -p Trainer,1 -p Group,1 -p Combat,1 -p ClassAbility,1 -p Domain,1
DEBUG [2020-03-26 04:18:58,934] main                     java.class.path = /usr/multiverse/other/rhino1_5R5/js.jar:/usr/share/java/mysql-connector-java.jar:/usr/multiverse/dist/lib/injected.jar:/usr/multiverse/dist/lib/multiverse.jar:/usr/multiverse/dist/lib/mars.jar:/usr/multiverse/dist/lib/.jar:/usr/multiverse/other/java-getopt-1.0.11.jar:/usr/multiverse/other/jython.jar:/usr/multiverse/other/log4j-1.2.14.jar:/usr/multiverse/other/bcel-5.2.jar:.
DEBUG [2020-03-26 04:18:58,934] main                     multiverse.propertyfile = /usr/multiverse/bin/multiverse.properties
DEBUG [2020-03-26 04:18:58,934] main                     log4j.appender.FILE.MaxBackupIndex = 3
DEBUG [2020-03-26 04:18:58,934] main                     multiverse.db_hostname = localhost
DEBUG [2020-03-26 04:18:58,934] main                     multiverse.db_type = mysql
DEBUG [2020-03-26 04:18:58,934] main                     java.vm.specification.name = Java Virtual Machine Specification
DEBUG [2020-03-26 04:18:58,934] main                     java.vm.specification.version = 1.8
DEBUG [2020-03-26 04:18:58,934] main                     multiverse.plugin_dep.Login = ObjectManager,Instance
DEBUG [2020-03-26 04:18:58,934] main                     sun.cpu.endian = little
DEBUG [2020-03-26 04:18:58,934] main                     sun.os.patch.level = unknown
DEBUG [2020-03-26 04:18:58,934] main                     multiverse.msgsvr_hostname = localhost
DEBUG [2020-03-26 04:18:58,934] main                     multiverse.worldname = 
DEBUG [2020-03-26 04:18:58,934] main                     java.io.tmpdir = /tmp
DEBUG [2020-03-26 04:18:58,935] main                     java.vendor.url.bug = http://bugreport.sun.com/bugreport/
DEBUG [2020-03-26 04:18:58,935] main                     log4j.appender.FILE.MaxFileSize = 50MB
DEBUG [2020-03-26 04:18:58,935] main                     multiverse.db_driver = com.mysql.jdbc.Driver
DEBUG [2020-03-26 04:18:58,935] main                     multiverse.db_name = multiverse
DEBUG [2020-03-26 04:18:58,935] main                     os.arch = amd64
DEBUG [2020-03-26 04:18:58,935] main                     java.awt.graphicsenv = sun.awt.X11GraphicsEnvironment
DEBUG [2020-03-26 04:18:58,935] main                     multiverse.plugin_dep.Voice = Instance
DEBUG [2020-03-26 04:18:58,935] main                     log4j.appender.FILE.layout.ConversionPattern = %-5p [%d{ISO8601}] %-20t %m%n
DEBUG [2020-03-26 04:18:58,935] main                     java.ext.dirs = /usr/lib/jvm/java-1.8.0-openjdk-1.8.0.242.b08-0.el7_7.x86_64/jre/lib/ext:/usr/java/packages/lib/ext
DEBUG [2020-03-26 04:18:58,935] main                     multiverse.plugin_dep.ClassAbility = 
DEBUG [2020-03-26 04:18:58,935] main                     user.dir = /usr/multiverse/bin
DEBUG [2020-03-26 04:18:58,935] main                     line.separator = 

DEBUG [2020-03-26 04:18:58,935] main                     java.vm.name = OpenJDK 64-Bit Server VM
DEBUG [2020-03-26 04:18:58,935] main                     multiverse.plugin_dep.Domain = Instance,Proxy,Voice
DEBUG [2020-03-26 04:18:58,935] main                     file.encoding = UTF-8
DEBUG [2020-03-26 04:18:58,935] main                     multiverse.plugin_dep.Combat = 
DEBUG [2020-03-26 04:18:58,935] main                     java.specification.version = 1.8
INFO  [2020-03-26 04:18:58,935] main                 The log level is 1
INFO  [2020-03-26 04:18:58,941] main                 Multiverse server version 1.5 0 (- -)
INFO  [2020-03-26 04:18:58,947] main                 Entered MarshallingRuntime.initializeBatch: reading type nums from '/usr/multiverse/config/common/typenumbers.txt'
INFO  [2020-03-26 04:18:59,386] main                 Entered MarshallingRuntime.initializeBatch: Registered 240 classes
DEBUG [2020-03-26 04:18:59,416] main                 Adding msg type 'msgsys.AGENT_HELLO', msgNumber 5000/0x1388
DEBUG [2020-03-26 04:18:59,416] main                 Adding msg type 'msgsys.HELLO_RESPONSE', msgNumber 5001/0x1389
DEBUG [2020-03-26 04:18:59,416] main                 Adding msg type 'msgsys.ALLOC_NAME', msgNumber 5002/0x138a
DEBUG [2020-03-26 04:18:59,416] main                 Adding msg type 'msgsys.NEW_AGENT', msgNumber 5003/0x138b
DEBUG [2020-03-26 04:18:59,416] main                 Adding msg type 'msgsys.AGENT_STATE', msgNumber 5004/0x138c
DEBUG [2020-03-26 04:18:59,416] main                 Adding msg type 'msgsys.ADVERTISE', msgNumber 5005/0x138d
DEBUG [2020-03-26 04:18:59,416] main                 Adding msg type 'msgsys.SUBSCRIBE', msgNumber 5006/0x138e
DEBUG [2020-03-26 04:18:59,416] main                 Adding msg type 'msgsys.UNSUBSCRIBE', msgNumber 5007/0x138f
DEBUG [2020-03-26 04:18:59,417] main                 Adding msg type 'msgsys.FILTER_UPDATE', msgNumber 5008/0x1390
DEBUG [2020-03-26 04:18:59,417] main                 Adding msg type 'msgsys.AWAIT_PLUGIN_DEPENDENTS', msgNumber 5009/0x1391
DEBUG [2020-03-26 04:18:59,417] main                 Adding msg type 'msgsys.PLUGIN_AVAILABLE', msgNumber 5010/0x1392
DEBUG [2020-03-26 04:18:59,417] main                 Adding msg type 'msgsys.RESPONSE', msgNumber 5011/0x1393
DEBUG [2020-03-26 04:18:59,417] main                 Adding msg type 'msgsys.BOOLEAN_RESPONSE', msgNumber 5012/0x1394
DEBUG [2020-03-26 04:18:59,417] main                 Adding msg type 'msgsys.LONG_RESPONSE', msgNumber 5013/0x1395
DEBUG [2020-03-26 04:18:59,417] main                 Adding msg type 'msgsys.INT_RESPONSE', msgNumber 5014/0x1396
DEBUG [2020-03-26 04:18:59,417] main                 Adding msg type 'msgsys.STRING_RESPONSE', msgNumber 5015/0x1397
DEBUG [2020-03-26 04:18:59,417] main                 Adding msg type 'msgsys.ALLOC_NAME_RESPONSE', msgNumber 5016/0x1398
DEBUG [2020-03-26 04:18:59,448] main                 TcpServer, bound to port: 20374
DEBUG [2020-03-26 04:18:59,579] main                 plugin type Instance depends on plugin types: ObjectManager,Quest,MobManager,Inventory,WorldManager
DEBUG [2020-03-26 04:18:59,580] main                 plugin type WorldManager depends on plugin types: *none*
DEBUG [2020-03-26 04:18:59,580] main                 plugin type Trainer depends on plugin types: *none*
DEBUG [2020-03-26 04:18:59,580] main                 plugin type Login depends on plugin types: ObjectManager,Instance
DEBUG [2020-03-26 04:18:59,580] main                 plugin type Quest depends on plugin types: *none*
DEBUG [2020-03-26 04:18:59,580] main                 plugin type ClassAbility depends on plugin types: *none*
DEBUG [2020-03-26 04:18:59,580] main                 plugin type Proxy depends on plugin types: Instance,Voice
DEBUG [2020-03-26 04:18:59,580] main                 plugin type ObjectManager depends on plugin types: *none*
DEBUG [2020-03-26 04:18:59,580] main                 plugin type Combat depends on plugin types: *none*
DEBUG [2020-03-26 04:18:59,580] main                 plugin type MobManager depends on plugin types: ObjectManager,WorldManager,Inventory,Quest
DEBUG [2020-03-26 04:18:59,581] main                 plugin type Domain depends on plugin types: Instance,Proxy,Voice
DEBUG [2020-03-26 04:18:59,581] main                 plugin type Voice depends on plugin types: Instance
DEBUG [2020-03-26 04:18:59,581] main                 plugin type Inventory depends on plugin types: *none*
DEBUG [2020-03-26 04:18:59,581] main                 Plugin available type=Domain name=Domain
DEBUG [2020-03-26 04:18:59,671] main                 generated domain key: 3hRIUO39bP4AAAAISG1hY1NIQTHAZk5an7m23db72G5F2wnwCv/jsA==
DEBUG [2020-03-26 04:18:59,671] main                 Incomplete dependency for type=Domain name=Domain dependentType=Instance
DEBUG [2020-03-26 04:19:00,308] TcpAccept            Got connection: java.nio.channels.SocketChannel[connected local=/127.0.0.1:20374 remote=/127.0.0.1:47318]
DEBUG [2020-03-26 04:19:00,319] Domain-1             AllocName: for type=AGENT assigned 'wmgr_1' from pattern 'wmgr_#'
INFO  [2020-03-26 04:19:00,698] Domain-1             DomainServer: agent closed connection java.nio.channels.SocketChannel[connected local=/127.0.0.1:20374 remote=/127.0.0.1:47318]
DEBUG [2020-03-26 04:19:03,752] TcpAccept            Got connection: java.nio.channels.SocketChannel[connected local=/127.0.0.1:20374 remote=/127.0.0.1:47320]
DEBUG [2020-03-26 04:19:03,765] Domain-1             AllocName: for type=AGENT assigned 'proxy_1' from pattern 'proxy_#'
INFO  [2020-03-26 04:19:04,297] Domain-1             DomainServer: agent closed connection java.nio.channels.SocketChannel[connected local=/127.0.0.1:20374 remote=/127.0.0.1:47320]
DEBUG [2020-03-26 04:19:12,632] TcpAccept            Got connection: java.nio.channels.SocketChannel[connected local=/127.0.0.1:20374 remote=/127.0.0.1:47330]
INFO  [2020-03-26 04:19:12,644] Domain-1             New agent id=1 name=combat address=127.0.0.1:43247 flags=0
DEBUG [2020-03-26 04:19:13,251] TcpAccept            Got connection: java.nio.channels.SocketChannel[connected local=/127.0.0.1:20374 remote=/127.0.0.1:47334]
INFO  [2020-03-26 04:19:13,261] Domain-1             New agent id=2 name=objmgr address=127.0.0.1:33658 flags=0
DEBUG [2020-03-26 04:19:13,619] TcpAccept            Got connection: java.nio.channels.SocketChannel[connected local=/127.0.0.1:20374 remote=/127.0.0.1:47338]
DEBUG [2020-03-26 04:19:13,852] TcpAccept            Got connection: java.nio.channels.SocketChannel[connected local=/127.0.0.1:20374 remote=/127.0.0.1:47340]
INFO  [2020-03-26 04:19:13,867] Domain-1             New agent id=3 name=login_manager address=127.0.0.1:44029 flags=0
INFO  [2020-03-26 04:19:13,985] Domain-2             New agent id=4 name=instance address=127.0.0.1:37340 flags=0
DEBUG [2020-03-26 04:19:14,714] TcpAccept            Got connection: java.nio.channels.SocketChannel[connected local=/127.0.0.1:20374 remote=/127.0.0.1:47352]
INFO  [2020-03-26 04:19:14,734] Domain-2             New agent id=5 name=wmgr_1 address=127.0.0.1:44726 flags=0
DEBUG [2020-03-26 04:19:16,297] TcpAccept            Got connection: java.nio.channels.SocketChannel[connected local=/127.0.0.1:20374 remote=/127.0.0.1:47368]
INFO  [2020-03-26 04:19:16,305] Domain-2             New agent id=6 name=voiceserver address=127.0.0.1:45484 flags=0
DEBUG [2020-03-26 04:19:16,662] TcpAccept            Got connection: java.nio.channels.SocketChannel[connected local=/127.0.0.1:20374 remote=/127.0.0.1:47378]
INFO  [2020-03-26 04:19:16,674] Domain-2             New agent id=7 name=proxy_1 address=127.0.0.1:37562 flags=0
DEBUG [2020-03-26 04:19:16,928] TcpAccept            Got connection: java.nio.channels.SocketChannel[connected local=/127.0.0.1:20374 remote=/127.0.0.1:47394]
INFO  [2020-03-26 04:19:16,940] Domain-2             New agent id=8 name=mobserver address=127.0.0.1:40011 flags=0
DEBUG [2020-03-26 04:19:17,428] MessageIO            handleMessageData from instance,11 type=msgsys.AWAIT_PLUGIN_DEPENDENTS len=41 class=multiverse.msgsys.AwaitPluginDependentsMessage
DEBUG [2020-03-26 04:19:17,474] Thread-0             Incomplete dependency for type=Instance name=Instance dependentType=ObjectManager
DEBUG [2020-03-26 04:19:17,695] MessageIO            handleMessageData from voiceserver,11 type=msgsys.AWAIT_PLUGIN_DEPENDENTS len=35 class=multiverse.msgsys.AwaitPluginDependentsMessage
DEBUG [2020-03-26 04:19:17,762] Thread-1             Incomplete dependency for type=Voice name=Voice dependentType=Instance
DEBUG [2020-03-26 04:19:17,773] MessageIO            handleMessageData from wmgr_1,10 type=msgsys.ALLOC_NAME len=44 class=multiverse.msgsys.AllocNameMessage
DEBUG [2020-03-26 04:19:17,773] MessageIO            AllocName: for type=PLUGIN assigned 'WorldManager1' from pattern 'WorldManager#'
DEBUG [2020-03-26 04:19:17,801] MessageIO            handleMessageData from wmgr_1,12 type=msgsys.AWAIT_PLUGIN_DEPENDENTS len=50 class=multiverse.msgsys.AwaitPluginDependentsMessage
DEBUG [2020-03-26 04:19:17,860] MessageIO            handleMessageData from login_manager,11 type=msgsys.AWAIT_PLUGIN_DEPENDENTS len=35 class=multiverse.msgsys.AwaitPluginDependentsMessage
DEBUG [2020-03-26 04:19:17,861] Thread-2             Dependency satisfied for type=WorldManager name=WorldManager1
DEBUG [2020-03-26 04:19:17,975] MessageIO            handleMessageData from mobserver,11 type=msgsys.AWAIT_PLUGIN_DEPENDENTS len=35 class=multiverse.msgsys.AwaitPluginDependentsMessage
DEBUG [2020-03-26 04:19:18,001] Thread-3             Incomplete dependency for type=Login name=Login dependentType=ObjectManager
DEBUG [2020-03-26 04:19:18,003] Thread-4             Dependency satisfied for type=Quest name=Quest
DEBUG [2020-03-26 04:19:18,081] MessageIO            handleMessageData from mobserver,16 type=msgsys.PLUGIN_AVAILABLE len=35 class=multiverse.msgsys.PluginAvailableMessage
DEBUG [2020-03-26 04:19:18,081] MessageIO            Plugin available type=Quest name=Quest
DEBUG [2020-03-26 04:19:18,081] MessageIO            handleMessageData from mobserver,17 type=msgsys.AWAIT_PLUGIN_DEPENDENTS len=39 class=multiverse.msgsys.AwaitPluginDependentsMessage
DEBUG [2020-03-26 04:19:18,085] Thread-3             Incomplete dependency for type=Login name=Login dependentType=ObjectManager
DEBUG [2020-03-26 04:19:18,085] Thread-1             Incomplete dependency for type=Voice name=Voice dependentType=Instance
DEBUG [2020-03-26 04:19:18,085] Thread-0             Incomplete dependency for type=Instance name=Instance dependentType=ObjectManager
DEBUG [2020-03-26 04:19:18,085] main                 Incomplete dependency for type=Domain name=Domain dependentType=Instance
DEBUG [2020-03-26 04:19:18,128] Thread-5             Dependency satisfied for type=Trainer name=Trainer
DEBUG [2020-03-26 04:19:18,312] MessageIO            handleMessageData from mobserver,28 type=msgsys.PLUGIN_AVAILABLE len=39 class=multiverse.msgsys.PluginAvailableMessage
DEBUG [2020-03-26 04:19:18,313] MessageIO            Plugin available type=Trainer name=Trainer
DEBUG [2020-03-26 04:19:18,316] main                 Incomplete dependency for type=Domain name=Domain dependentType=Instance
DEBUG [2020-03-26 04:19:18,317] MessageIO            handleMessageData from wmgr_1,26 type=msgsys.PLUGIN_AVAILABLE len=50 class=multiverse.msgsys.PluginAvailableMessage
DEBUG [2020-03-26 04:19:18,317] MessageIO            Plugin available type=WorldManager name=WorldManager1
DEBUG [2020-03-26 04:19:18,318] Thread-0             Incomplete dependency for type=Instance name=Instance dependentType=ObjectManager
DEBUG [2020-03-26 04:19:18,330] Thread-1             Incomplete dependency for type=Voice name=Voice dependentType=Instance
DEBUG [2020-03-26 04:19:18,330] Thread-3             Incomplete dependency for type=Login name=Login dependentType=ObjectManager
DEBUG [2020-03-26 04:19:18,330] main                 Incomplete dependency for type=Domain name=Domain dependentType=Instance
DEBUG [2020-03-26 04:19:18,338] MessageIO            handleMessageData from mobserver,29 type=msgsys.AWAIT_PLUGIN_DEPENDENTS len=45 class=multiverse.msgsys.AwaitPluginDependentsMessage
DEBUG [2020-03-26 04:19:18,382] Thread-6             Incomplete dependency for type=MobManager name=MobManager dependentType=ObjectManager
DEBUG [2020-03-26 04:19:18,493] MessageIO            handleMessageData from combat,17 type=msgsys.AWAIT_PLUGIN_DEPENDENTS len=49 class=multiverse.msgsys.AwaitPluginDependentsMessage
DEBUG [2020-03-26 04:19:18,510] Thread-7             Dependency satisfied for type=ClassAbility name=ClassAbility
DEBUG [2020-03-26 04:19:18,714] MessageIO            handleMessageData from objmgr,22 type=msgsys.AWAIT_PLUGIN_DEPENDENTS len=51 class=multiverse.msgsys.AwaitPluginDependentsMessage
DEBUG [2020-03-26 04:19:18,725] Thread-8             Dependency satisfied for type=ObjectManager name=ObjectManager
DEBUG [2020-03-26 04:19:18,784] MessageIO            handleMessageData from proxy_1,30 type=msgsys.ALLOC_NAME len=37 class=multiverse.msgsys.AllocNameMessage
DEBUG [2020-03-26 04:19:18,784] MessageIO            AllocName: for type=PLUGIN assigned 'Proxy1' from pattern 'Proxy#'
DEBUG [2020-03-26 04:19:18,789] MessageIO            handleMessageData from combat,25 type=msgsys.PLUGIN_AVAILABLE len=49 class=multiverse.msgsys.PluginAvailableMessage
DEBUG [2020-03-26 04:19:18,789] MessageIO            Plugin available type=ClassAbility name=ClassAbility
DEBUG [2020-03-26 04:19:18,790] Thread-6             Incomplete dependency for type=MobManager name=MobManager dependentType=ObjectManager
DEBUG [2020-03-26 04:19:18,800] main                 Incomplete dependency for type=Domain name=Domain dependentType=Instance
DEBUG [2020-03-26 04:19:18,801] Thread-3             Incomplete dependency for type=Login name=Login dependentType=ObjectManager
DEBUG [2020-03-26 04:19:18,801] Thread-1             Incomplete dependency for type=Voice name=Voice dependentType=Instance
DEBUG [2020-03-26 04:19:18,801] Thread-0             Incomplete dependency for type=Instance name=Instance dependentType=ObjectManager
DEBUG [2020-03-26 04:19:18,858] MessageIO            handleMessageData from proxy_1,35 type=msgsys.AWAIT_PLUGIN_DEPENDENTS len=36 class=multiverse.msgsys.AwaitPluginDependentsMessage
DEBUG [2020-03-26 04:19:18,871] Thread-9             Incomplete dependency for type=Proxy name=Proxy1 dependentType=Instance
DEBUG [2020-03-26 04:19:19,003] MessageIO            handleMessageData from combat,29 type=msgsys.AWAIT_PLUGIN_DEPENDENTS len=37 class=multiverse.msgsys.AwaitPluginDependentsMessage
DEBUG [2020-03-26 04:19:19,018] Thread-10            Dependency satisfied for type=Combat name=Combat
DEBUG [2020-03-26 04:19:19,157] MessageIO            handleMessageData from combat,37 type=msgsys.PLUGIN_AVAILABLE len=37 class=multiverse.msgsys.PluginAvailableMessage
DEBUG [2020-03-26 04:19:19,157] MessageIO            Plugin available type=Combat name=Combat
DEBUG [2020-03-26 04:19:19,157] Thread-9             Incomplete dependency for type=Proxy name=Proxy1 dependentType=Instance
DEBUG [2020-03-26 04:19:19,157] Thread-0             Incomplete dependency for type=Instance name=Instance dependentType=ObjectManager
DEBUG [2020-03-26 04:19:19,157] Thread-1             Incomplete dependency for type=Voice name=Voice dependentType=Instance
DEBUG [2020-03-26 04:19:19,157] Thread-3             Incomplete dependency for type=Login name=Login dependentType=ObjectManager
DEBUG [2020-03-26 04:19:19,158] main                 Incomplete dependency for type=Domain name=Domain dependentType=Instance
DEBUG [2020-03-26 04:19:19,158] Thread-6             Incomplete dependency for type=MobManager name=MobManager dependentType=ObjectManager
DEBUG [2020-03-26 04:19:19,197] MessageIO            handleMessageData from combat,38 type=msgsys.AWAIT_PLUGIN_DEPENDENTS len=35 class=multiverse.msgsys.AwaitPluginDependentsMessage
DEBUG [2020-03-26 04:19:19,212] Thread-11            Dependency satisfied for type=Group name=Group
DEBUG [2020-03-26 04:19:19,284] MessageIO            handleMessageData from combat,42 type=msgsys.PLUGIN_AVAILABLE len=35 class=multiverse.msgsys.PluginAvailableMessage
DEBUG [2020-03-26 04:19:19,284] MessageIO            Plugin available type=Group name=Group
DEBUG [2020-03-26 04:19:19,284] Thread-6             Incomplete dependency for type=MobManager name=MobManager dependentType=ObjectManager
DEBUG [2020-03-26 04:19:19,284] main                 Incomplete dependency for type=Domain name=Domain dependentType=Instance
DEBUG [2020-03-26 04:19:19,289] Thread-3             Incomplete dependency for type=Login name=Login dependentType=ObjectManager
DEBUG [2020-03-26 04:19:19,290] Thread-1             Incomplete dependency for type=Voice name=Voice dependentType=Instance
DEBUG [2020-03-26 04:19:19,290] Thread-0             Incomplete dependency for type=Instance name=Instance dependentType=ObjectManager
DEBUG [2020-03-26 04:19:19,290] Thread-9             Incomplete dependency for type=Proxy name=Proxy1 dependentType=Instance
DEBUG [2020-03-26 04:19:19,420] MessageIO            handleMessageData from objmgr,101 type=msgsys.PLUGIN_AVAILABLE len=51 class=multiverse.msgsys.PluginAvailableMessage
DEBUG [2020-03-26 04:19:19,420] MessageIO            Plugin available type=ObjectManager name=ObjectManager
DEBUG [2020-03-26 04:19:19,420] Thread-9             Incomplete dependency for type=Proxy name=Proxy1 dependentType=Instance
DEBUG [2020-03-26 04:19:19,422] Thread-0             Incomplete dependency for type=Instance name=Instance dependentType=MobManager
DEBUG [2020-03-26 04:19:19,422] Thread-1             Incomplete dependency for type=Voice name=Voice dependentType=Instance
DEBUG [2020-03-26 04:19:19,422] Thread-3             Incomplete dependency for type=Login name=Login dependentType=Instance
DEBUG [2020-03-26 04:19:19,422] main                 Incomplete dependency for type=Domain name=Domain dependentType=Instance
DEBUG [2020-03-26 04:19:19,422] Thread-6             Incomplete dependency for type=MobManager name=MobManager dependentType=Inventory
DEBUG [2020-03-26 04:19:19,420] MessageIO            handleMessageData from objmgr,102 type=msgsys.AWAIT_PLUGIN_DEPENDENTS len=43 class=multiverse.msgsys.AwaitPluginDependentsMessage
DEBUG [2020-03-26 04:19:19,428] Thread-12            Dependency satisfied for type=Inventory name=Inventory
DEBUG [2020-03-26 04:19:19,496] MessageIO            handleMessageData from objmgr,115 type=msgsys.PLUGIN_AVAILABLE len=43 class=multiverse.msgsys.PluginAvailableMessage
DEBUG [2020-03-26 04:19:19,496] MessageIO            Plugin available type=Inventory name=Inventory
DEBUG [2020-03-26 04:19:19,496] Thread-6             Dependency satisfied for type=MobManager name=MobManager
DEBUG [2020-03-26 04:19:19,496] main                 Incomplete dependency for type=Domain name=Domain dependentType=Instance
DEBUG [2020-03-26 04:19:19,496] Thread-3             Incomplete dependency for type=Login name=Login dependentType=Instance
DEBUG [2020-03-26 04:19:19,496] Thread-1             Incomplete dependency for type=Voice name=Voice dependentType=Instance
DEBUG [2020-03-26 04:19:19,496] Thread-0             Incomplete dependency for type=Instance name=Instance dependentType=MobManager
DEBUG [2020-03-26 04:19:19,496] Thread-9             Incomplete dependency for type=Proxy name=Proxy1 dependentType=Instance
DEBUG [2020-03-26 04:19:19,512] MessageIO            handleMessageData from mobserver,42 type=msgsys.PLUGIN_AVAILABLE len=45 class=multiverse.msgsys.PluginAvailableMessage
DEBUG [2020-03-26 04:19:19,512] MessageIO            Plugin available type=MobManager name=MobManager
DEBUG [2020-03-26 04:19:19,513] Thread-9             Incomplete dependency for type=Proxy name=Proxy1 dependentType=Instance
DEBUG [2020-03-26 04:19:19,513] Thread-0             Dependency satisfied for type=Instance name=Instance
DEBUG [2020-03-26 04:19:19,514] Thread-1             Incomplete dependency for type=Voice name=Voice dependentType=Instance
DEBUG [2020-03-26 04:19:19,514] Thread-3             Incomplete dependency for type=Login name=Login dependentType=Instance
DEBUG [2020-03-26 04:19:19,514] main                 Incomplete dependency for type=Domain name=Domain dependentType=Instance
DEBUG [2020-03-26 04:19:25,357] MessageIO            handleMessageData from instance,251 type=msgsys.PLUGIN_AVAILABLE len=41 class=multiverse.msgsys.PluginAvailableMessage
DEBUG [2020-03-26 04:19:25,357] MessageIO            Plugin available type=Instance name=Instance
DEBUG [2020-03-26 04:19:25,358] main                 Incomplete dependency for type=Domain name=Domain dependentType=Proxy
DEBUG [2020-03-26 04:19:25,358] Thread-3             Dependency satisfied for type=Login name=Login
DEBUG [2020-03-26 04:19:25,359] Thread-1             Dependency satisfied for type=Voice name=Voice
DEBUG [2020-03-26 04:19:25,359] Thread-9             Incomplete dependency for type=Proxy name=Proxy1 dependentType=Voice
DEBUG [2020-03-26 04:19:25,385] MessageIO            handleMessageData from login_manager,14 type=msgsys.PLUGIN_AVAILABLE len=35 class=multiverse.msgsys.PluginAvailableMessage
DEBUG [2020-03-26 04:19:25,385] MessageIO            Plugin available type=Login name=Login
DEBUG [2020-03-26 04:19:25,385] Thread-9             Incomplete dependency for type=Proxy name=Proxy1 dependentType=Voice
DEBUG [2020-03-26 04:19:25,386] main                 Incomplete dependency for type=Domain name=Domain dependentType=Proxy
DEBUG [2020-03-26 04:19:25,415] MessageIO            handleMessageData from voiceserver,93 type=msgsys.PLUGIN_AVAILABLE len=35 class=multiverse.msgsys.PluginAvailableMessage
DEBUG [2020-03-26 04:19:25,416] MessageIO            Plugin available type=Voice name=Voice
DEBUG [2020-03-26 04:19:25,416] main                 Incomplete dependency for type=Domain name=Domain dependentType=Proxy
DEBUG [2020-03-26 04:19:25,416] Thread-9             Dependency satisfied for type=Proxy name=Proxy1
DEBUG [2020-03-26 04:19:25,713] MessageIO            handleMessageData from proxy_1,368 type=msgsys.PLUGIN_AVAILABLE len=36 class=multiverse.msgsys.PluginAvailableMessage
DEBUG [2020-03-26 04:19:25,713] MessageIO            Plugin available type=Proxy name=Proxy1
