INFO  Entered MarshallingRuntime.initialize()
DEBUG MarshallingRuntime.initialize: Installing primitive types
DEBUG MarshallingRuntime.initialize: Initializing InjectionGenerator
DEBUG MarshallingRuntime.initialize: Registering Marshalling Classes
DEBUG Processing marshaller file '/usr/multiverse/config/common/mvmarshallers.txt'
DEBUG Processing of marshallers file '/usr/multiverse/config/common/mvmarshallers.txt' completed
DEBUG Processing marshaller file '/usr/multiverse/config/mv_fantasy/worldmarshallers.txt'
WARN  Didn't find marshallers file '/usr/multiverse/config/mv_fantasy/worldmarshallers.txt'
INFO  MarshallingRuntime.initialize: Registered 240 marshalling classes
DEBUG MarshallingRuntime.initialize: Finished checking type references
INFO  Writing type num files to 'typenumbers.txt'
DEBUG Replacing class file 'multiverse.msgsys.FilterUpdateMessage'
DEBUG Generated marshalling for 'multiverse.msgsys.FilterUpdateMessage', typeNum 32/0x20
DEBUG Replacing class file 'multiverse.server.plugins.InstanceClient$GetRegionMessage'
DEBUG Generated marshalling for 'multiverse.server.plugins.InstanceClient$GetRegionMessage', typeNum 149/0x95
DEBUG Replacing class file 'multiverse.server.messages.PerceptionMessage'
DEBUG Generated marshalling for 'multiverse.server.messages.PerceptionMessage', typeNum 91/0x5b
DEBUG Replacing class file 'multiverse.server.plugins.WorldManagerClient$UpdateMessage'
DEBUG Generated marshalling for 'multiverse.server.plugins.WorldManagerClient$UpdateMessage', typeNum 217/0xd9
DEBUG Replacing class file 'multiverse.server.plugins.WorldManagerClient$SpawnedMessage'
DEBUG Generated marshalling for 'multiverse.server.plugins.WorldManagerClient$SpawnedMessage', typeNum 213/0xd5
DEBUG Replacing class file 'multiverse.server.plugins.WorldManagerClient$NewRegionMessage'
DEBUG Generated marshalling for 'multiverse.server.plugins.WorldManagerClient$NewRegionMessage', typeNum 197/0xc5
DEBUG Replacing class file 'multiverse.server.plugins.ObjectManagerClient$SetSubPersistenceMessage'
DEBUG Generated marshalling for 'multiverse.server.plugins.ObjectManagerClient$SetSubPersistenceMessage', typeNum 167/0xa7
DEBUG Replacing class file 'multiverse.server.plugins.InventoryClient$InvUpdateMessage'
DEBUG Generated marshalling for 'multiverse.server.plugins.InventoryClient$InvUpdateMessage', typeNum 152/0x98
DEBUG Replacing class file 'multiverse.msgsys.TargetFilter'
DEBUG Generated marshalling for 'multiverse.msgsys.TargetFilter', typeNum 45/0x2d
DEBUG Replacing class file 'multiverse.server.messages.OIDNamespaceMessage'
DEBUG Generated marshalling for 'multiverse.server.messages.OIDNamespaceMessage', typeNum 88/0x58
DEBUG Replacing class file 'multiverse.server.plugins.InstanceClient$GetMarkerMessage'
DEBUG Generated marshalling for 'multiverse.server.plugins.InstanceClient$GetMarkerMessage', typeNum 148/0x94
DEBUG Replacing class file 'multiverse.server.plugins.InstanceClient$CreateInstanceMessage'
DEBUG Generated marshalling for 'multiverse.server.plugins.InstanceClient$CreateInstanceMessage', typeNum 144/0x90
DEBUG Replacing class file 'multiverse.server.pathing.PathInfo'
DEBUG Generated marshalling for 'multiverse.server.pathing.PathInfo', typeNum 82/0x52
DEBUG Replacing class file 'multiverse.server.plugins.WorldManagerClient$NewDirLightMessage'
DEBUG Generated marshalling for 'multiverse.server.plugins.WorldManagerClient$NewDirLightMessage', typeNum 195/0xc3
DEBUG Replacing class file 'multiverse.mars.plugins.QuestClient$GetQuestStatusMessage'
DEBUG Generated marshalling for 'multiverse.mars.plugins.QuestClient$GetQuestStatusMessage', typeNum 257/0x101
DEBUG Replacing class file 'multiverse.server.plugins.InstanceClient$InstanceEntryReqMessage'
DEBUG Generated marshalling for 'multiverse.server.plugins.InstanceClient$InstanceEntryReqMessage', typeNum 145/0x91
DEBUG Replacing class file 'multiverse.mars.objects.CollectionQuestState'
DEBUG Generated marshalling for 'multiverse.mars.objects.CollectionQuestState', typeNum 233/0xe9
DEBUG Replacing class file 'multiverse.server.plugins.ProxyPlugin$PlayerLoginStatus'
DEBUG Generated marshalling for 'multiverse.server.plugins.ProxyPlugin$PlayerLoginStatus', typeNum 265/0x109
DEBUG Replacing class file 'multiverse.server.math.Plane'
DEBUG Generated marshalling for 'multiverse.server.math.Plane', typeNum 75/0x4b
DEBUG Replacing class file 'multiverse.server.objects.LightData'
DEBUG Generated marshalling for 'multiverse.server.objects.LightData', typeNum 120/0x78
DEBUG Replacing class file 'multiverse.server.plugins.ObjectManagerClient$UnloadSubObjectMessage'
DEBUG Generated marshalling for 'multiverse.server.plugins.ObjectManagerClient$UnloadSubObjectMessage', typeNum 170/0xaa
DEBUG Replacing class file 'multiverse.msgsys.AllocNameResponseMessage'
DEBUG Generated marshalling for 'multiverse.msgsys.AllocNameResponseMessage', typeNum 103/0x67
DEBUG Replacing class file 'multiverse.server.messages.PropertyMessage'
DEBUG Generated marshalling for 'multiverse.server.messages.PropertyMessage', typeNum 89/0x59
DEBUG Replacing class file 'multiverse.mars.core.AbilityActivateHook'
DEBUG Generated marshalling for 'multiverse.mars.core.AbilityActivateHook', typeNum 230/0xe6
DEBUG Replacing class file 'multiverse.mars.plugins.CombatClient$AutoAttackMessage'
DEBUG Generated marshalling for 'multiverse.mars.plugins.CombatClient$AutoAttackMessage', typeNum 249/0xf9
DEBUG Replacing class file 'multiverse.mars.plugins.CombatClient$CombatTargetMessage'
DEBUG Generated marshalling for 'multiverse.mars.plugins.CombatClient$CombatTargetMessage', typeNum 254/0xfe
DEBUG Replacing class file 'multiverse.mars.plugins.QuestClient$ConcludeMessage'
DEBUG Generated marshalling for 'multiverse.mars.plugins.QuestClient$ConcludeMessage', typeNum 256/0x100
DEBUG Replacing class file 'multiverse.server.plugins.WorldManagerClient$DespawnReqMessage'
DEBUG Generated marshalling for 'multiverse.server.plugins.WorldManagerClient$DespawnReqMessage', typeNum 180/0xb4
DEBUG Replacing class file 'multiverse.server.objects.Bag'
DEBUG Generated marshalling for 'multiverse.server.objects.Bag', typeNum 106/0x6a
DEBUG Replacing class file 'multiverse.server.objects.Template'
DEBUG Generated marshalling for 'multiverse.server.objects.Template', typeNum 136/0x88
DEBUG Replacing class file 'multiverse.msgsys.ExceptionData'
DEBUG Generated marshalling for 'multiverse.msgsys.ExceptionData', typeNum 52/0x34
DEBUG Replacing class file 'multiverse.server.plugins.ObjectManagerClient$DeleteSubObjectMessage'
DEBUG Generated marshalling for 'multiverse.server.plugins.ObjectManagerClient$DeleteSubObjectMessage', typeNum 172/0xac
DEBUG Replacing class file 'multiverse.server.objects.DisplayContext'
DEBUG Generated marshalling for 'multiverse.server.objects.DisplayContext', typeNum 111/0x6f
DEBUG Replacing class file 'multiverse.server.messages.SubObjectFilter'
DEBUG Generated marshalling for 'multiverse.server.messages.SubObjectFilter', typeNum 95/0x5f
DEBUG Replacing class file 'multiverse.msgsys.MessageTypeSessionIdFilter'
DEBUG Generated marshalling for 'multiverse.msgsys.MessageTypeSessionIdFilter', typeNum 43/0x2b
DEBUG Replacing class file 'multiverse.server.plugins.WorldManagerClient$MobPathMessageBaseClass'
DEBUG Generated marshalling for 'multiverse.server.plugins.WorldManagerClient$MobPathMessageBaseClass', typeNum 192/0xc0
DEBUG Replacing class file 'multiverse.mars.objects.MarsKillQuest$KillGoal'
DEBUG Generated marshalling for 'multiverse.mars.objects.MarsKillQuest$KillGoal', typeNum 242/0xf2
DEBUG Replacing class file 'multiverse.msgsys.Filter'
DEBUG Generated marshalling for 'multiverse.msgsys.Filter', typeNum 29/0x1d
DEBUG Replacing class file 'multiverse.server.plugins.WorldManagerClient$SpawnReqMessage'
DEBUG Generated marshalling for 'multiverse.server.plugins.WorldManagerClient$SpawnReqMessage', typeNum 212/0xd4
DEBUG Replacing class file 'multiverse.server.objects.PermissionCallback'
DEBUG Generated marshalling for 'multiverse.server.objects.PermissionCallback', typeNum 125/0x7d
DEBUG Replacing class file 'multiverse.server.plugins.WorldManagerPlugin$WorldManagerTransferFilter'
DEBUG Generated marshalling for 'multiverse.server.plugins.WorldManagerPlugin$WorldManagerTransferFilter', typeNum 226/0xe2
DEBUG Replacing class file 'multiverse.mars.objects.QuestState'
DEBUG Generated marshalling for 'multiverse.mars.objects.QuestState', typeNum 245/0xf5
DEBUG Replacing class file 'multiverse.server.objects.OceanData'
DEBUG Generated marshalling for 'multiverse.server.objects.OceanData', typeNum 124/0x7c
DEBUG Replacing class file 'multiverse.server.plugins.WorldManagerClient$AnimationMessage'
DEBUG Generated marshalling for 'multiverse.server.plugins.WorldManagerClient$AnimationMessage', typeNum 176/0xb0
DEBUG Replacing class file 'multiverse.server.plugins.WorldManagerClient$DespawnedMessage'
DEBUG Generated marshalling for 'multiverse.server.plugins.WorldManagerClient$DespawnedMessage', typeNum 181/0xb5
DEBUG Replacing class file 'multiverse.server.math.FPoint'
DEBUG Generated marshalling for 'multiverse.server.math.FPoint', typeNum 72/0x48
DEBUG Replacing class file 'multiverse.server.plugins.WorldManagerClient$SetWorldNodeReqMessage'
DEBUG Generated marshalling for 'multiverse.server.plugins.WorldManagerClient$SetWorldNodeReqMessage', typeNum 210/0xd2
DEBUG Replacing class file 'multiverse.msgsys.FilterUpdate$Instruction'
DEBUG Generated marshalling for 'multiverse.msgsys.FilterUpdate$Instruction', typeNum 31/0x1f
DEBUG Replacing class file 'multiverse.mars.objects.MarsAttachSocket'
DEBUG Generated marshalling for 'multiverse.mars.objects.MarsAttachSocket', typeNum 236/0xec
DEBUG Replacing class file 'multiverse.server.plugins.ObjectManagerClient$UnloadObjectMessage'
DEBUG Generated marshalling for 'multiverse.server.plugins.ObjectManagerClient$UnloadObjectMessage', typeNum 169/0xa9
DEBUG Replacing class file 'multiverse.server.plugins.ObjectManagerClient$DeleteObjectMessage'
DEBUG Generated marshalling for 'multiverse.server.plugins.ObjectManagerClient$DeleteObjectMessage', typeNum 171/0xab
DEBUG Replacing class file 'multiverse.server.plugins.WorldManagerClient$DisplayContextMessage'
DEBUG Generated marshalling for 'multiverse.server.plugins.WorldManagerClient$DisplayContextMessage', typeNum 184/0xb8
DEBUG Replacing class file 'multiverse.server.plugins.WorldManagerClient$DetachMessage'
DEBUG Generated marshalling for 'multiverse.server.plugins.WorldManagerClient$DetachMessage', typeNum 182/0xb6
DEBUG Replacing class file 'multiverse.server.plugins.WorldManagerClient$RoadInfo'
DEBUG Generated marshalling for 'multiverse.server.plugins.WorldManagerClient$RoadInfo', typeNum 207/0xcf
DEBUG Replacing class file 'multiverse.msgsys.AgentHelloMessage'
DEBUG Generated marshalling for 'multiverse.msgsys.AgentHelloMessage', typeNum 27/0x1b
DEBUG Replacing class file 'multiverse.server.math.Geometry'
DEBUG Generated marshalling for 'multiverse.server.math.Geometry', typeNum 73/0x49
DEBUG Replacing class file 'multiverse.server.plugins.ObjectManagerClient$LoadObjectDataMessage'
DEBUG Generated marshalling for 'multiverse.server.plugins.ObjectManagerClient$LoadObjectDataMessage', typeNum 159/0x9f
DEBUG Replacing class file 'multiverse.server.plugins.InstanceClient$InstanceInfo'
DEBUG Generated marshalling for 'multiverse.server.plugins.InstanceClient$InstanceInfo', typeNum 147/0x93
DEBUG Replacing class file 'multiverse.server.plugins.WorldManagerClient$LoadSubObjectMessage'
DEBUG Generated marshalling for 'multiverse.server.plugins.WorldManagerClient$LoadSubObjectMessage', typeNum 222/0xde
DEBUG Replacing class file 'multiverse.msgsys.MessageTrigger'
DEBUG Generated marshalling for 'multiverse.msgsys.MessageTrigger', typeNum 34/0x22
DEBUG Replacing class file 'multiverse.msgsys.SubscribeMessage'
DEBUG Generated marshalling for 'multiverse.msgsys.SubscribeMessage', typeNum 38/0x26
DEBUG Replacing class file 'multiverse.mars.plugins.CombatClient$AbilityProgressMessage'
DEBUG Generated marshalling for 'multiverse.mars.plugins.CombatClient$AbilityProgressMessage', typeNum 247/0xf7
DEBUG Replacing class file 'multiverse.mars.plugins.CombatClient$CooldownMessage'
DEBUG Generated marshalling for 'multiverse.mars.plugins.CombatClient$CooldownMessage', typeNum 250/0xfa
DEBUG Replacing class file 'multiverse.mars.objects.MarsCollectionQuest$CollectionGoal'
DEBUG Generated marshalling for 'multiverse.mars.objects.MarsCollectionQuest$CollectionGoal', typeNum 238/0xee
DEBUG Replacing class file 'multiverse.server.messages.SearchMessageFilter'
DEBUG Generated marshalling for 'multiverse.server.messages.SearchMessageFilter', typeNum 99/0x63
DEBUG Replacing class file 'multiverse.server.plugins.WorldManagerClient$OrientMessage'
DEBUG Generated marshalling for 'multiverse.server.plugins.WorldManagerClient$OrientMessage', typeNum 202/0xca
DEBUG Replacing class file 'multiverse.server.plugins.ObjectManagerClient$GetTemplateMessage'
DEBUG Generated marshalling for 'multiverse.server.plugins.ObjectManagerClient$GetTemplateMessage', typeNum 168/0xa8
DEBUG Replacing class file 'multiverse.mars.plugins.MarsInventoryPlugin$EquipMap'
DEBUG Generated marshalling for 'multiverse.mars.plugins.MarsInventoryPlugin$EquipMap', typeNum 255/0xff
DEBUG Replacing class file 'multiverse.mars.objects.MarsKillQuest'
DEBUG Generated marshalling for 'multiverse.mars.objects.MarsKillQuest', typeNum 241/0xf1
DEBUG Replacing class file 'multiverse.server.messages.NamespaceMessage'
DEBUG Generated marshalling for 'multiverse.server.messages.NamespaceMessage', typeNum 87/0x57
DEBUG Replacing class file 'multiverse.server.pathing.PathObject'
DEBUG Generated marshalling for 'multiverse.server.pathing.PathObject', typeNum 83/0x53
DEBUG Replacing class file 'multiverse.server.plugins.WorldManagerClient$PlayerPathWMReqMessage'
DEBUG Generated marshalling for 'multiverse.server.plugins.WorldManagerClient$PlayerPathWMReqMessage', typeNum 224/0xe0
DEBUG Replacing class file 'multiverse.mars.plugins.CombatClient$ReleaseObjectMessage'
DEBUG Generated marshalling for 'multiverse.mars.plugins.CombatClient$ReleaseObjectMessage', typeNum 252/0xfc
DEBUG Replacing class file 'multiverse.server.plugins.WorldManagerClient$TargetedExtensionMessage'
DEBUG Generated marshalling for 'multiverse.server.plugins.WorldManagerClient$TargetedExtensionMessage', typeNum 215/0xd7
DEBUG Replacing class file 'multiverse.server.objects.Entity'
DEBUG Generated marshalling for 'multiverse.server.objects.Entity', typeNum 114/0x72
DEBUG Replacing class file 'multiverse.server.plugins.InventoryClient$ItemInfo'
DEBUG Generated marshalling for 'multiverse.server.plugins.InventoryClient$ItemInfo', typeNum 154/0x9a
DEBUG Replacing class file 'multiverse.msgsys.LongResponseMessage'
DEBUG Generated marshalling for 'multiverse.msgsys.LongResponseMessage', typeNum 47/0x2f
DEBUG Replacing class file 'multiverse.server.plugins.WorldManagerClient$DisplayContextReqMessage'
DEBUG Generated marshalling for 'multiverse.server.plugins.WorldManagerClient$DisplayContextReqMessage', typeNum 185/0xb9
DEBUG Replacing class file 'multiverse.server.messages.LogoutMessage'
DEBUG Generated marshalling for 'multiverse.server.messages.LogoutMessage', typeNum 97/0x61
DEBUG Replacing class file 'multiverse.server.plugins.InventoryClient$ActivateMessage'
DEBUG Generated marshalling for 'multiverse.server.plugins.InventoryClient$ActivateMessage', typeNum 150/0x96
DEBUG Replacing class file 'multiverse.mars.objects.MarsEquipSlot'
DEBUG Generated marshalling for 'multiverse.mars.objects.MarsEquipSlot', typeNum 240/0xf0
DEBUG Replacing class file 'multiverse.server.plugins.InventoryClient$AddItemMessage'
DEBUG Generated marshalling for 'multiverse.server.plugins.InventoryClient$AddItemMessage', typeNum 151/0x97
DEBUG Replacing class file 'multiverse.server.plugins.WorldManagerClient$SetAmbientLightMessage'
DEBUG Generated marshalling for 'multiverse.server.plugins.WorldManagerClient$SetAmbientLightMessage', typeNum 209/0xd1
DEBUG Replacing class file 'multiverse.msgsys.MessageTypeFilter'
DEBUG Generated marshalling for 'multiverse.msgsys.MessageTypeFilter', typeNum 35/0x23
DEBUG Replacing class file 'multiverse.server.plugins.WorldManagerClient$NewRemoteObjectMessage'
DEBUG Generated marshalling for 'multiverse.server.plugins.WorldManagerClient$NewRemoteObjectMessage', typeNum 198/0xc6
DEBUG Replacing class file 'multiverse.server.plugins.InstanceClient$RegisterInstanceTemplateMessage'
DEBUG Generated marshalling for 'multiverse.server.plugins.InstanceClient$RegisterInstanceTemplateMessage', typeNum 143/0x8f
DEBUG Replacing class file 'multiverse.mars.objects.CollectionQuestState$CollectionGoalStatus'
DEBUG Generated marshalling for 'multiverse.mars.objects.CollectionQuestState$CollectionGoalStatus', typeNum 234/0xea
DEBUG Replacing class file 'multiverse.msgsys.AwaitPluginDependentsMessage'
DEBUG Generated marshalling for 'multiverse.msgsys.AwaitPluginDependentsMessage', typeNum 49/0x31
DEBUG Replacing class file 'multiverse.server.objects.MVObject'
DEBUG Generated marshalling for 'multiverse.server.objects.MVObject', typeNum 121/0x79
DEBUG Replacing class file 'multiverse.server.plugins.ObjectManagerClient$SubObjectDepsReadyMessage'
DEBUG Generated marshalling for 'multiverse.server.plugins.ObjectManagerClient$SubObjectDepsReadyMessage', typeNum 166/0xa6
DEBUG Replacing class file 'multiverse.server.objects.Color'
DEBUG Generated marshalling for 'multiverse.server.objects.Color', typeNum 109/0x6d
DEBUG Replacing class file 'multiverse.server.objects.TerrainDecalData'
DEBUG Generated marshalling for 'multiverse.server.objects.TerrainDecalData', typeNum 137/0x89
DEBUG Replacing class file 'multiverse.server.objects.DisplayContext$Submesh'
DEBUG Generated marshalling for 'multiverse.server.objects.DisplayContext$Submesh', typeNum 112/0x70
DEBUG Replacing class file 'multiverse.server.plugins.InventoryClient$LootAllMessage'
DEBUG Generated marshalling for 'multiverse.server.plugins.InventoryClient$LootAllMessage', typeNum 155/0x9b
DEBUG Replacing class file 'multiverse.server.plugins.WorldManagerClient$DirLocOrientMessage'
DEBUG Generated marshalling for 'multiverse.server.plugins.WorldManagerClient$DirLocOrientMessage', typeNum 183/0xb7
DEBUG Replacing class file 'multiverse.msgsys.ResponseMessage'
DEBUG Generated marshalling for 'multiverse.msgsys.ResponseMessage', typeNum 104/0x68
DEBUG Replacing class file 'multiverse.server.pathing.PathArc'
DEBUG Generated marshalling for 'multiverse.server.pathing.PathArc', typeNum 79/0x4f
DEBUG Replacing class file 'multiverse.server.objects.InstanceRestorePoint'
DEBUG Generated marshalling for 'multiverse.server.objects.InstanceRestorePoint', typeNum 139/0x8b
DEBUG Replacing class file 'multiverse.server.math.MVVector'
DEBUG Generated marshalling for 'multiverse.server.math.MVVector', typeNum 74/0x4a
DEBUG Replacing class file 'multiverse.msgsys.GenericResponseMessage'
DEBUG Generated marshalling for 'multiverse.msgsys.GenericResponseMessage', typeNum 42/0x2a
DEBUG Replacing class file 'multiverse.server.objects.ObjState'
DEBUG Generated marshalling for 'multiverse.server.objects.ObjState', typeNum 123/0x7b
DEBUG Replacing class file 'multiverse.server.plugins.ObjectManagerClient$FixWorldNodeMessage'
DEBUG Generated marshalling for 'multiverse.server.plugins.ObjectManagerClient$FixWorldNodeMessage', typeNum 173/0xad
DEBUG Replacing class file 'multiverse.server.engine.Behavior$EventMessage'
DEBUG Generated marshalling for 'multiverse.server.engine.Behavior$EventMessage', typeNum 60/0x3c
DEBUG Replacing class file 'multiverse.msgsys.AdvertiseMessage'
DEBUG Generated marshalling for 'multiverse.msgsys.AdvertiseMessage', typeNum 26/0x1a
DEBUG Replacing class file 'multiverse.server.plugins.WorldManagerClient$SoundMessage'
DEBUG Generated marshalling for 'multiverse.server.plugins.WorldManagerClient$SoundMessage', typeNum 211/0xd3
DEBUG Replacing class file 'multiverse.server.engine.BaseBehavior$FollowCommandMessage'
DEBUG Generated marshalling for 'multiverse.server.engine.BaseBehavior$FollowCommandMessage', typeNum 55/0x37
DEBUG Replacing class file 'multiverse.server.plugins.WorldManagerClient$ObjInfoReqMessage'
DEBUG Generated marshalling for 'multiverse.server.plugins.WorldManagerClient$ObjInfoReqMessage', typeNum 199/0xc7
DEBUG Replacing class file 'multiverse.mars.plugins.QuestClient$NewQuestStateMessage'
DEBUG Generated marshalling for 'multiverse.mars.plugins.QuestClient$NewQuestStateMessage', typeNum 258/0x102
DEBUG Replacing class file 'multiverse.server.plugins.WorldManagerClient$PerceptionInfo'
DEBUG Generated marshalling for 'multiverse.server.plugins.WorldManagerClient$PerceptionInfo', typeNum 221/0xdd
DEBUG Replacing class file 'multiverse.server.plugins.WorldManagerClient$ModifyDisplayContextMessage'
DEBUG Generated marshalling for 'multiverse.server.plugins.WorldManagerClient$ModifyDisplayContextMessage', typeNum 194/0xc2
DEBUG Replacing class file 'multiverse.msgsys.AgentStateMessage'
DEBUG Generated marshalling for 'multiverse.msgsys.AgentStateMessage', typeNum 28/0x1c
DEBUG Replacing class file 'multiverse.server.engine.EnginePlugin$SetPropertyMessage'
DEBUG Generated marshalling for 'multiverse.server.engine.EnginePlugin$SetPropertyMessage', typeNum 63/0x3f
DEBUG Replacing class file 'multiverse.server.objects.Light'
DEBUG Generated marshalling for 'multiverse.server.objects.Light', typeNum 119/0x77
DEBUG Replacing class file 'multiverse.msgsys.HelloResponseMessage'
DEBUG Generated marshalling for 'multiverse.msgsys.HelloResponseMessage', typeNum 33/0x21
DEBUG Replacing class file 'multiverse.server.engine.BasicWorldNode'
DEBUG Generated marshalling for 'multiverse.server.engine.BasicWorldNode', typeNum 58/0x3a
DEBUG Replacing class file 'multiverse.server.objects.SoundRegionConfig'
DEBUG Generated marshalling for 'multiverse.server.objects.SoundRegionConfig', typeNum 134/0x86
DEBUG Replacing class file 'multiverse.server.objects.Region'
DEBUG Generated marshalling for 'multiverse.server.objects.Region', typeNum 127/0x7f
DEBUG Replacing class file 'multiverse.server.engine.EnginePlugin$PluginStateMessage'
DEBUG Generated marshalling for 'multiverse.server.engine.EnginePlugin$PluginStateMessage', typeNum 62/0x3e
DEBUG Replacing class file 'multiverse.server.plugins.WorldManagerClient$RoadMessage'
DEBUG Generated marshalling for 'multiverse.server.plugins.WorldManagerClient$RoadMessage', typeNum 208/0xd0
DEBUG Replacing class file 'multiverse.server.plugins.WorldManagerClient$ObjInfoRespMessage'
DEBUG Generated marshalling for 'multiverse.server.plugins.WorldManagerClient$ObjInfoRespMessage', typeNum 200/0xc8
DEBUG Replacing class file 'multiverse.server.engine.TerrainConfig'
DEBUG Generated marshalling for 'multiverse.server.engine.TerrainConfig', typeNum 69/0x45
DEBUG Replacing class file 'multiverse.msgsys.NewAgentMessage'
DEBUG Generated marshalling for 'multiverse.msgsys.NewAgentMessage', typeNum 36/0x24
DEBUG Replacing class file 'multiverse.server.plugins.ObjectManagerClient$SaveObjectDataMessage'
DEBUG Generated marshalling for 'multiverse.server.plugins.ObjectManagerClient$SaveObjectDataMessage', typeNum 163/0xa3
DEBUG Replacing class file 'multiverse.mars.plugins.AnimationClient$InvokeEffectMessage'
DEBUG Generated marshalling for 'multiverse.mars.plugins.AnimationClient$InvokeEffectMessage', typeNum 246/0xf6
DEBUG Replacing class file 'multiverse.server.objects.Marker'
DEBUG Generated marshalling for 'multiverse.server.objects.Marker', typeNum 140/0x8c
DEBUG Replacing class file 'multiverse.server.objects.Boundary'
DEBUG Generated marshalling for 'multiverse.server.objects.Boundary', typeNum 108/0x6c
DEBUG Replacing class file 'multiverse.msgsys.StackFrame'
DEBUG Generated marshalling for 'multiverse.msgsys.StackFrame', typeNum 53/0x35
DEBUG Replacing class file 'multiverse.server.engine.Perceiver'
DEBUG Generated marshalling for 'multiverse.server.engine.Perceiver', typeNum 68/0x44
DEBUG Replacing class file 'multiverse.server.pathing.PathData'
DEBUG Generated marshalling for 'multiverse.server.pathing.PathData', typeNum 80/0x50
DEBUG Replacing class file 'multiverse.msgsys.Message'
DEBUG Generated marshalling for 'multiverse.msgsys.Message', typeNum 100/0x64
DEBUG Replacing class file 'multiverse.msgsys.AllocNameMessage'
DEBUG Generated marshalling for 'multiverse.msgsys.AllocNameMessage', typeNum 102/0x66
DEBUG Replacing class file 'multiverse.server.objects.PointLight'
DEBUG Generated marshalling for 'multiverse.server.objects.PointLight', typeNum 126/0x7e
DEBUG Replacing class file 'multiverse.mars.plugins.CombatClient$AbilityUpdateMessage'
DEBUG Generated marshalling for 'multiverse.mars.plugins.CombatClient$AbilityUpdateMessage', typeNum 248/0xf8
DEBUG Replacing class file 'multiverse.msgsys.ExceptionResponseMessage'
DEBUG Generated marshalling for 'multiverse.msgsys.ExceptionResponseMessage', typeNum 51/0x33
DEBUG Replacing class file 'multiverse.server.engine.BaseBehavior$ArrivedEventMessage'
DEBUG Generated marshalling for 'multiverse.server.engine.BaseBehavior$ArrivedEventMessage', typeNum 54/0x36
DEBUG Replacing class file 'multiverse.server.plugins.WorldManagerPlugin$HostInstanceFilter'
DEBUG Generated marshalling for 'multiverse.server.plugins.WorldManagerPlugin$HostInstanceFilter', typeNum 229/0xe5
DEBUG Replacing class file 'multiverse.server.messages.LoginMessage'
DEBUG Generated marshalling for 'multiverse.server.messages.LoginMessage', typeNum 96/0x60
DEBUG Replacing class file 'multiverse.server.plugins.WorldManagerClient$TargetedPropertyMessage'
DEBUG Generated marshalling for 'multiverse.server.plugins.WorldManagerClient$TargetedPropertyMessage', typeNum 216/0xd8
DEBUG Replacing class file 'multiverse.mars.plugins.CombatClient$DamageMessage'
DEBUG Generated marshalling for 'multiverse.mars.plugins.CombatClient$DamageMessage', typeNum 251/0xfb
DEBUG Replacing class file 'multiverse.server.plugins.WorldManagerClient$FreeRemoteObjectMessage'
DEBUG Generated marshalling for 'multiverse.server.plugins.WorldManagerClient$FreeRemoteObjectMessage', typeNum 188/0xbc
DEBUG Replacing class file 'multiverse.mars.plugins.QuestClient$RequestConcludeMessage'
DEBUG Generated marshalling for 'multiverse.mars.plugins.QuestClient$RequestConcludeMessage', typeNum 260/0x104
DEBUG Replacing class file 'multiverse.server.objects.RoadRegionConfig'
DEBUG Generated marshalling for 'multiverse.server.objects.RoadRegionConfig', typeNum 131/0x83
DEBUG Replacing class file 'multiverse.server.objects.RoadSegment'
DEBUG Generated marshalling for 'multiverse.server.objects.RoadSegment', typeNum 132/0x84
DEBUG Replacing class file 'multiverse.mars.objects.MarsQuest'
DEBUG Generated marshalling for 'multiverse.mars.objects.MarsQuest', typeNum 243/0xf3
DEBUG Replacing class file 'multiverse.server.objects.EntityHandle'
DEBUG Generated marshalling for 'multiverse.server.objects.EntityHandle', typeNum 116/0x74
DEBUG Replacing class file 'multiverse.server.math.Quaternion'
DEBUG Generated marshalling for 'multiverse.server.math.Quaternion', typeNum 77/0x4d
DEBUG Replacing class file 'multiverse.server.plugins.InstanceClient$GetInstanceInfoMessage'
DEBUG Generated marshalling for 'multiverse.server.plugins.InstanceClient$GetInstanceInfoMessage', typeNum 146/0x92
DEBUG Replacing class file 'multiverse.server.plugins.ObjectManagerClient$GenerateObjectMessage'
DEBUG Generated marshalling for 'multiverse.server.plugins.ObjectManagerClient$GenerateObjectMessage', typeNum 157/0x9d
DEBUG Replacing class file 'multiverse.server.objects.SearchEntry'
DEBUG Generated marshalling for 'multiverse.server.objects.SearchEntry', typeNum 142/0x8e
DEBUG Replacing class file 'multiverse.server.engine.EnginePlugin$GetPropertyMessage'
DEBUG Generated marshalling for 'multiverse.server.engine.EnginePlugin$GetPropertyMessage', typeNum 61/0x3d
DEBUG Replacing class file 'multiverse.server.objects.NamedPropertyClass'
DEBUG Generated marshalling for 'multiverse.server.objects.NamedPropertyClass', typeNum 122/0x7a
DEBUG Replacing class file 'multiverse.server.objects.FogRegionConfig'
DEBUG Generated marshalling for 'multiverse.server.objects.FogRegionConfig', typeNum 118/0x76
DEBUG Replacing class file 'multiverse.server.messages.SearchMessage'
DEBUG Generated marshalling for 'multiverse.server.messages.SearchMessage', typeNum 98/0x62
DEBUG Replacing class file 'multiverse.server.plugins.InventoryClient$RemoveOrFindItemMessage'
DEBUG Generated marshalling for 'multiverse.server.plugins.InventoryClient$RemoveOrFindItemMessage', typeNum 156/0x9c
DEBUG Replacing class file 'multiverse.server.util.AnimationCommand'
DEBUG Generated marshalling for 'multiverse.server.util.AnimationCommand', typeNum 78/0x4e
DEBUG Replacing class file 'multiverse.server.plugins.WorldManagerClient$WorldNodeCorrectMessage'
DEBUG Generated marshalling for 'multiverse.server.plugins.WorldManagerClient$WorldNodeCorrectMessage', typeNum 220/0xdc
DEBUG Replacing class file 'multiverse.server.plugins.WorldManagerClient$PerceiverRegionsMessage'
DEBUG Generated marshalling for 'multiverse.server.plugins.WorldManagerClient$PerceiverRegionsMessage', typeNum 204/0xcc
DEBUG Replacing class file 'multiverse.server.plugins.ObjectManagerClient$RegisterTemplateMessage'
DEBUG Generated marshalling for 'multiverse.server.plugins.ObjectManagerClient$RegisterTemplateMessage', typeNum 162/0xa2
DEBUG Replacing class file 'multiverse.server.plugins.WorldManagerClient$SysChatMessage'
DEBUG Generated marshalling for 'multiverse.server.plugins.WorldManagerClient$SysChatMessage', typeNum 214/0xd6
DEBUG Replacing class file 'multiverse.mars.core.EquipActivateHook'
DEBUG Generated marshalling for 'multiverse.mars.core.EquipActivateHook', typeNum 232/0xe8
DEBUG Replacing class file 'multiverse.msgsys.UnsubscribeMessage'
DEBUG Generated marshalling for 'multiverse.msgsys.UnsubscribeMessage', typeNum 40/0x28
DEBUG Replacing class file 'multiverse.server.messages.PerceptionMessage$ObjectNote'
DEBUG Generated marshalling for 'multiverse.server.messages.PerceptionMessage$ObjectNote', typeNum 92/0x5c
DEBUG Replacing class file 'multiverse.server.objects.ObjectTracker$NotifyReactionRadiusMessage'
DEBUG Generated marshalling for 'multiverse.server.objects.ObjectTracker$NotifyReactionRadiusMessage', typeNum 263/0x107
DEBUG Replacing class file 'multiverse.server.plugins.WorldManagerPlugin$WorldManagerFilter$InstanceGeometry'
DEBUG Generated marshalling for 'multiverse.server.plugins.WorldManagerPlugin$WorldManagerFilter$InstanceGeometry', typeNum 228/0xe4
DEBUG Replacing class file 'multiverse.server.plugins.WorldManagerPlugin$WorldManagerFilter'
DEBUG Generated marshalling for 'multiverse.server.plugins.WorldManagerPlugin$WorldManagerFilter', typeNum 227/0xe3
DEBUG Replacing class file 'multiverse.server.pathing.PathEdge'
DEBUG Generated marshalling for 'multiverse.server.pathing.PathEdge', typeNum 81/0x51
DEBUG Replacing class file 'multiverse.server.objects.BinaryState'
DEBUG Generated marshalling for 'multiverse.server.objects.BinaryState', typeNum 107/0x6b
DEBUG Replacing class file 'multiverse.server.plugins.WorldManagerPlugin$LocationNamespaceFilter'
DEBUG Generated marshalling for 'multiverse.server.plugins.WorldManagerPlugin$LocationNamespaceFilter', typeNum 225/0xe1
DEBUG Replacing class file 'multiverse.server.plugins.WorldManagerClient$FogMessage'
DEBUG Generated marshalling for 'multiverse.server.plugins.WorldManagerClient$FogMessage', typeNum 187/0xbb
DEBUG Replacing class file 'multiverse.server.math.Point'
DEBUG Generated marshalling for 'multiverse.server.math.Point', typeNum 76/0x4c
DEBUG Replacing class file 'multiverse.server.plugins.WorldManagerClient$ObjectInfo'
DEBUG Generated marshalling for 'multiverse.server.plugins.WorldManagerClient$ObjectInfo', typeNum 201/0xc9
DEBUG Replacing class file 'multiverse.server.plugins.ObjectManagerClient$GenerateSubObjectMessage'
DEBUG Generated marshalling for 'multiverse.server.plugins.ObjectManagerClient$GenerateSubObjectMessage', typeNum 158/0x9e
DEBUG Replacing class file 'multiverse.server.objects.Fog'
DEBUG Generated marshalling for 'multiverse.server.objects.Fog', typeNum 117/0x75
DEBUG Replacing class file 'multiverse.server.plugins.MobManagerClient$CreateSpawnGeneratorMessage'
DEBUG Generated marshalling for 'multiverse.server.plugins.MobManagerClient$CreateSpawnGeneratorMessage', typeNum 264/0x108
DEBUG Replacing class file 'multiverse.mars.objects.MarsEquipInfo'
DEBUG Generated marshalling for 'multiverse.mars.objects.MarsEquipInfo', typeNum 239/0xef
DEBUG Replacing class file 'multiverse.server.engine.BaseBehavior$GotoCommandMessage'
DEBUG Generated marshalling for 'multiverse.server.engine.BaseBehavior$GotoCommandMessage', typeNum 56/0x38
DEBUG Replacing class file 'multiverse.mars.plugins.QuestClient$RequestQuestInfoMessage'
DEBUG Generated marshalling for 'multiverse.mars.plugins.QuestClient$RequestQuestInfoMessage', typeNum 261/0x105
DEBUG Replacing class file 'multiverse.server.plugins.WorldManagerClient$ComMessage'
DEBUG Generated marshalling for 'multiverse.server.plugins.WorldManagerClient$ComMessage', typeNum 177/0xb1
DEBUG Replacing class file 'multiverse.msgsys.GenericMessage'
DEBUG Generated marshalling for 'multiverse.msgsys.GenericMessage', typeNum 41/0x29
DEBUG Replacing class file 'multiverse.server.plugins.ObjectManagerClient$LoadObjectMessage'
DEBUG Generated marshalling for 'multiverse.server.plugins.ObjectManagerClient$LoadObjectMessage', typeNum 160/0xa0
DEBUG Replacing class file 'multiverse.server.plugins.WorldManagerClient$HostInstanceMessage'
DEBUG Generated marshalling for 'multiverse.server.plugins.WorldManagerClient$HostInstanceMessage', typeNum 223/0xdf
DEBUG Replacing class file 'multiverse.server.engine.FixedPerceiver'
DEBUG Generated marshalling for 'multiverse.server.engine.FixedPerceiver', typeNum 66/0x42
DEBUG Replacing class file 'multiverse.server.plugins.WorldManagerClient$UpdateWorldNodeReqMessage'
DEBUG Generated marshalling for 'multiverse.server.plugins.WorldManagerClient$UpdateWorldNodeReqMessage', typeNum 219/0xdb
DEBUG Replacing class file 'multiverse.server.plugins.WorldManagerClient$OrientReqMessage'
DEBUG Generated marshalling for 'multiverse.server.plugins.WorldManagerClient$OrientReqMessage', typeNum 203/0xcb
DEBUG Replacing class file 'multiverse.server.plugins.WorldManagerClient$ComReqMessage'
DEBUG Generated marshalling for 'multiverse.server.plugins.WorldManagerClient$ComReqMessage', typeNum 179/0xb3
DEBUG Replacing class file 'multiverse.server.plugins.WorldManagerClient$MobPathCorrectionMessage'
DEBUG Generated marshalling for 'multiverse.server.plugins.WorldManagerClient$MobPathCorrectionMessage', typeNum 190/0xbe
DEBUG Replacing class file 'multiverse.server.objects.DirectionalLight'
DEBUG Generated marshalling for 'multiverse.server.objects.DirectionalLight', typeNum 110/0x6e
DEBUG Replacing class file 'multiverse.msgsys.SubjectFilter'
DEBUG Generated marshalling for 'multiverse.msgsys.SubjectFilter', typeNum 44/0x2c
DEBUG Replacing class file 'multiverse.server.engine.EnginePlugin$TransferObjectMessage'
DEBUG Generated marshalling for 'multiverse.server.engine.EnginePlugin$TransferObjectMessage', typeNum 64/0x40
DEBUG Replacing class file 'multiverse.server.plugins.WorldManagerClient$FreeObjectMessage'
DEBUG Generated marshalling for 'multiverse.server.plugins.WorldManagerClient$FreeObjectMessage', typeNum 196/0xc4
DEBUG Replacing class file 'multiverse.server.engine.SearchSelection'
DEBUG Generated marshalling for 'multiverse.server.engine.SearchSelection', typeNum 71/0x47
DEBUG Replacing class file 'multiverse.server.plugins.WorldManagerClient$ReparentWNodeReqMessage'
DEBUG Generated marshalling for 'multiverse.server.plugins.WorldManagerClient$ReparentWNodeReqMessage', typeNum 206/0xce
DEBUG Replacing class file 'multiverse.server.plugins.ObjectManagerClient$ObjectStatus'
DEBUG Generated marshalling for 'multiverse.server.plugins.ObjectManagerClient$ObjectStatus', typeNum 175/0xaf
DEBUG Replacing class file 'multiverse.server.plugins.ObjectManagerClient$SetPersistenceMessage'
DEBUG Generated marshalling for 'multiverse.server.plugins.ObjectManagerClient$SetPersistenceMessage', typeNum 165/0xa5
DEBUG Replacing class file 'multiverse.server.objects.Vector2'
DEBUG Generated marshalling for 'multiverse.server.objects.Vector2', typeNum 138/0x8a
DEBUG Replacing class file 'multiverse.msgsys.FilterUpdate'
DEBUG Generated marshalling for 'multiverse.msgsys.FilterUpdate', typeNum 30/0x1e
DEBUG Replacing class file 'multiverse.server.engine.EnginePlugin$TransferFilter'
DEBUG Generated marshalling for 'multiverse.server.engine.EnginePlugin$TransferFilter', typeNum 65/0x41
DEBUG Replacing class file 'multiverse.msgsys.TargetMessage'
DEBUG Generated marshalling for 'multiverse.msgsys.TargetMessage', typeNum 39/0x27
DEBUG Replacing class file 'multiverse.msgsys.IntegerResponseMessage'
DEBUG Generated marshalling for 'multiverse.msgsys.IntegerResponseMessage', typeNum 46/0x2e
DEBUG Replacing class file 'multiverse.server.engine.Behavior$CommandMessage'
DEBUG Generated marshalling for 'multiverse.server.engine.Behavior$CommandMessage', typeNum 59/0x3b
DEBUG Replacing class file 'multiverse.mars.objects.KillQuestState'
DEBUG Generated marshalling for 'multiverse.mars.objects.KillQuestState', typeNum 235/0xeb
DEBUG Replacing class file 'multiverse.server.objects.SoundData'
DEBUG Generated marshalling for 'multiverse.server.objects.SoundData', typeNum 133/0x85
DEBUG Replacing class file 'multiverse.server.pathing.PathPolygon'
DEBUG Generated marshalling for 'multiverse.server.pathing.PathPolygon', typeNum 85/0x55
DEBUG Replacing class file 'multiverse.server.plugins.ObjectManagerClient$GetNamedObjectMessage'
DEBUG Generated marshalling for 'multiverse.server.plugins.ObjectManagerClient$GetNamedObjectMessage', typeNum 174/0xae
DEBUG Replacing class file 'multiverse.server.messages.PerceptionTrigger'
DEBUG Generated marshalling for 'multiverse.server.messages.PerceptionTrigger', typeNum 93/0x5d
DEBUG Replacing class file 'multiverse.server.objects.Marker$Search'
DEBUG Generated marshalling for 'multiverse.server.objects.Marker$Search', typeNum 141/0x8d
DEBUG Replacing class file 'multiverse.server.plugins.WorldManagerClient$MobPathMessage'
DEBUG Generated marshalling for 'multiverse.server.plugins.WorldManagerClient$MobPathMessage', typeNum 191/0xbf
DEBUG Replacing class file 'multiverse.server.engine.PropertySearch'
DEBUG Generated marshalling for 'multiverse.server.engine.PropertySearch', typeNum 70/0x46
DEBUG Replacing class file 'multiverse.server.pathing.PathPortal'
DEBUG Generated marshalling for 'multiverse.server.pathing.PathPortal', typeNum 86/0x56
DEBUG Replacing class file 'multiverse.server.objects.Region$Search'
DEBUG Generated marshalling for 'multiverse.server.objects.Region$Search', typeNum 128/0x80
DEBUG Replacing class file 'multiverse.mars.plugins.QuestClient$QuestResponseMessage'
DEBUG Generated marshalling for 'multiverse.mars.plugins.QuestClient$QuestResponseMessage', typeNum 259/0x103
DEBUG Replacing class file 'multiverse.server.plugins.WorldManagerClient$FreeRoadMessage'
DEBUG Generated marshalling for 'multiverse.server.plugins.WorldManagerClient$FreeRoadMessage', typeNum 189/0xbd
DEBUG Replacing class file 'multiverse.server.plugins.WorldManagerClient$TargetedComMessage'
DEBUG Generated marshalling for 'multiverse.server.plugins.WorldManagerClient$TargetedComMessage', typeNum 178/0xb2
DEBUG Replacing class file 'multiverse.server.plugins.WorldManagerClient$ExtensionMessage'
DEBUG Generated marshalling for 'multiverse.server.plugins.WorldManagerClient$ExtensionMessage', typeNum 186/0xba
DEBUG Replacing class file 'multiverse.mars.plugins.CombatClient$StartAbilityMessage'
DEBUG Generated marshalling for 'multiverse.mars.plugins.CombatClient$StartAbilityMessage', typeNum 253/0xfd
DEBUG Replacing class file 'multiverse.server.plugins.WorldManagerClient$MobPathReqMessage'
DEBUG Generated marshalling for 'multiverse.server.plugins.WorldManagerClient$MobPathReqMessage', typeNum 193/0xc1
DEBUG Replacing class file 'multiverse.mars.plugins.QuestClient$StateStatusChangeMessage'
DEBUG Generated marshalling for 'multiverse.mars.plugins.QuestClient$StateStatusChangeMessage', typeNum 262/0x106
DEBUG Replacing class file 'multiverse.server.plugins.InventoryClient$InvUpdateMessage$InvPos'
DEBUG Generated marshalling for 'multiverse.server.plugins.InventoryClient$InvUpdateMessage$InvPos', typeNum 153/0x99
DEBUG Replacing class file 'multiverse.mars.objects.MarsCollectionQuest'
DEBUG Generated marshalling for 'multiverse.mars.objects.MarsCollectionQuest', typeNum 237/0xed
DEBUG Replacing class file 'multiverse.server.messages.PopulationFilter'
DEBUG Generated marshalling for 'multiverse.server.messages.PopulationFilter', typeNum 105/0x69
DEBUG Replacing class file 'multiverse.server.objects.RegionConfig'
DEBUG Generated marshalling for 'multiverse.server.objects.RegionConfig', typeNum 129/0x81
DEBUG Replacing class file 'multiverse.msgsys.BooleanResponseMessage'
DEBUG Generated marshalling for 'multiverse.msgsys.BooleanResponseMessage', typeNum 48/0x30
DEBUG Replacing class file 'multiverse.server.objects.Road'
DEBUG Generated marshalling for 'multiverse.server.objects.Road', typeNum 130/0x82
DEBUG Replacing class file 'multiverse.server.plugins.WorldManagerClient$RefreshWNodeMessage'
DEBUG Generated marshalling for 'multiverse.server.plugins.WorldManagerClient$RefreshWNodeMessage', typeNum 205/0xcd
DEBUG Replacing class file 'multiverse.server.messages.NamespaceFilter'
DEBUG Generated marshalling for 'multiverse.server.messages.NamespaceFilter', typeNum 94/0x5e
DEBUG Replacing class file 'multiverse.server.objects.SpawnData'
DEBUG Generated marshalling for 'multiverse.server.objects.SpawnData', typeNum 135/0x87
DEBUG Replacing class file 'multiverse.msgsys.SubjectMessage'
DEBUG Generated marshalling for 'multiverse.msgsys.SubjectMessage', typeNum 37/0x25
DEBUG Replacing class file 'multiverse.server.objects.DisplayState'
DEBUG Generated marshalling for 'multiverse.server.objects.DisplayState', typeNum 113/0x71
DEBUG Replacing class file 'multiverse.server.engine.BaseBehavior$StopCommandMessage'
DEBUG Generated marshalling for 'multiverse.server.engine.BaseBehavior$StopCommandMessage', typeNum 57/0x39
DEBUG Replacing class file 'multiverse.mars.objects.MarsStat'
DEBUG Generated marshalling for 'multiverse.mars.objects.MarsStat', typeNum 244/0xf4
DEBUG Replacing class file 'multiverse.server.plugins.WorldManagerClient$UpdateWorldNodeMessage'
DEBUG Generated marshalling for 'multiverse.server.plugins.WorldManagerClient$UpdateWorldNodeMessage', typeNum 218/0xda
DEBUG Replacing class file 'multiverse.msgsys.PluginAvailableMessage'
DEBUG Generated marshalling for 'multiverse.msgsys.PluginAvailableMessage', typeNum 50/0x32
DEBUG Replacing class file 'multiverse.server.pathing.PathObjectType'
DEBUG Generated marshalling for 'multiverse.server.pathing.PathObjectType', typeNum 84/0x54
DEBUG Replacing class file 'multiverse.server.plugins.ObjectManagerClient$SaveObjectMessage'
DEBUG Generated marshalling for 'multiverse.server.plugins.ObjectManagerClient$SaveObjectMessage', typeNum 164/0xa4
DEBUG Replacing class file 'multiverse.server.plugins.ObjectManagerClient$LoadSubObjectMessage'
DEBUG Generated marshalling for 'multiverse.server.plugins.ObjectManagerClient$LoadSubObjectMessage', typeNum 161/0xa1
